Starting up http-server, serving dist

http-server version: 14.1.1

http-server settings: 
CORS: disabled
Cache: -1 seconds
Connection Timeout: 120 seconds
Directory Listings: visible
AutoIndex: visible
Serve GZIP Files: false
Serve Brotli Files: false
Default File Extension: none

Available on:
  http://127.0.0.1:8080
  http://192.168.7.130:8080
  http://192.168.5.98:8080
Hit CTRL-C to stop the server

[Tue Jul 01 2025 21:12:39 GMT-0400 (Eastern Daylight Time)]  "GET /" "Mozilla/5.0 (Macintosh; Intel Mac OS X 10.15; rv:139.0) Gecko/20100101 Firefox/139.0"
(node:3259) [DEP0066] DeprecationWarning: OutgoingMessage.prototype._headers is deprecated
(Use `node --trace-deprecation ...` to show where the warning was created)
[Tue Jul 01 2025 21:12:39 GMT-0400 (Eastern Daylight Time)]  "GET /Game" "Mozilla/5.0 (Macintosh; Intel Mac OS X 10.15; rv:139.0) Gecko/20100101 Firefox/139.0"
[Tue Jul 01 2025 21:12:39 GMT-0400 (Eastern Daylight Time)]  "GET /Game" Error (404): "Not found"
[Tue Jul 01 2025 21:12:40 GMT-0400 (Eastern Daylight Time)]  "GET /" "Mozilla/5.0 (Macintosh; Intel Mac OS X 10.15; rv:139.0) Gecko/20100101 Firefox/139.0"
[Tue Jul 01 2025 21:12:40 GMT-0400 (Eastern Daylight Time)]  "GET /Game" "Mozilla/5.0 (Macintosh; Intel Mac OS X 10.15; rv:139.0) Gecko/20100101 Firefox/139.0"
[Tue Jul 01 2025 21:12:40 GMT-0400 (Eastern Daylight Time)]  "GET /Game" Error (404): "Not found"
[Tue Jul 01 2025 21:12:41 GMT-0400 (Eastern Daylight Time)]  "HEAD /" "curl/8.7.1"
[Tue Jul 01 2025 21:12:41 GMT-0400 (Eastern Daylight Time)]  "GET /" "Mozilla/5.0 (Macintosh; Intel Mac OS X 10.15; rv:139.0) Gecko/20100101 Firefox/139.0"
[Tue Jul 01 2025 21:12:41 GMT-0400 (Eastern Daylight Time)]  "GET /Game" "Mozilla/5.0 (Macintosh; Intel Mac OS X 10.15; rv:139.0) Gecko/20100101 Firefox/139.0"
[Tue Jul 01 2025 21:12:41 GMT-0400 (Eastern Daylight Time)]  "GET /Game" Error (404): "Not found"
[Tue Jul 01 2025 21:12:43 GMT-0400 (Eastern Daylight Time)]  "GET /" "Mozilla/5.0 (Macintosh; Intel Mac OS X 10.15; rv:139.0) Gecko/20100101 Firefox/139.0"
[Tue Jul 01 2025 21:12:43 GMT-0400 (Eastern Daylight Time)]  "GET /Game" "Mozilla/5.0 (Macintosh; Intel Mac OS X 10.15; rv:139.0) Gecko/20100101 Firefox/139.0"
[Tue Jul 01 2025 21:12:43 GMT-0400 (Eastern Daylight Time)]  "GET /Game" Error (404): "Not found"
[Tue Jul 01 2025 21:12:54 GMT-0400 (Eastern Daylight Time)]  "GET /" "Mozilla/5.0 (Macintosh; Intel Mac OS X 10.15; rv:139.0) Gecko/20100101 Firefox/139.0"
[Tue Jul 01 2025 21:12:54 GMT-0400 (Eastern Daylight Time)]  "GET /main.js" "Mozilla/5.0 (Macintosh; Intel Mac OS X 10.15; rv:139.0) Gecko/20100101 Firefox/139.0"
[Tue Jul 01 2025 21:12:54 GMT-0400 (Eastern Daylight Time)]  "GET /Game.js" "Mozilla/5.0 (Macintosh; Intel Mac OS X 10.15; rv:139.0) Gecko/20100101 Firefox/139.0"
[Tue Jul 01 2025 21:12:54 GMT-0400 (Eastern Daylight Time)]  "GET /Renderer.js" "Mozilla/5.0 (Macintosh; Intel Mac OS X 10.15; rv:139.0) Gecko/20100101 Firefox/139.0"
[Tue Jul 01 2025 21:12:54 GMT-0400 (Eastern Daylight Time)]  "GET /RuleEngine.js" "Mozilla/5.0 (Macintosh; Intel Mac OS X 10.15; rv:139.0) Gecko/20100101 Firefox/139.0"
[Tue Jul 01 2025 21:12:54 GMT-0400 (Eastern Daylight Time)]  "GET /WordQueue.js" "Mozilla/5.0 (Macintosh; Intel Mac OS X 10.15; rv:139.0) Gecko/20100101 Firefox/139.0"
[Tue Jul 01 2025 21:12:54 GMT-0400 (Eastern Daylight Time)]  "GET /types.js" "Mozilla/5.0 (Macintosh; Intel Mac OS X 10.15; rv:139.0) Gecko/20100101 Firefox/139.0"
[Tue Jul 01 2025 21:12:54 GMT-0400 (Eastern Daylight Time)]  "GET /favicon.ico" "Mozilla/5.0 (Macintosh; Intel Mac OS X 10.15; rv:139.0) Gecko/20100101 Firefox/139.0"
[Tue Jul 01 2025 21:12:54 GMT-0400 (Eastern Daylight Time)]  "GET /favicon.ico" Error (404): "Not found"
[Tue Jul 01 2025 21:12:54 GMT-0400 (Eastern Daylight Time)]  "GET /RuleEngine.js.map" "Mozilla/5.0 (Macintosh; Intel Mac OS X 10.15; rv:139.0) Gecko/20100101 Firefox/139.0"
[Tue Jul 01 2025 21:12:54 GMT-0400 (Eastern Daylight Time)]  "GET /Game.js.map" "Mozilla/5.0 (Macintosh; Intel Mac OS X 10.15; rv:139.0) Gecko/20100101 Firefox/139.0"
[Tue Jul 01 2025 21:24:19 GMT-0400 (Eastern Daylight Time)]  "GET /" "Mozilla/5.0 (Macintosh; Intel Mac OS X 10.15; rv:139.0) Gecko/20100101 Firefox/139.0"
[Tue Jul 01 2025 21:24:19 GMT-0400 (Eastern Daylight Time)]  "GET /main.js" "Mozilla/5.0 (Macintosh; Intel Mac OS X 10.15; rv:139.0) Gecko/20100101 Firefox/139.0"
[Tue Jul 01 2025 21:24:19 GMT-0400 (Eastern Daylight Time)]  "GET /Game.js" "Mozilla/5.0 (Macintosh; Intel Mac OS X 10.15; rv:139.0) Gecko/20100101 Firefox/139.0"
[Tue Jul 01 2025 21:24:19 GMT-0400 (Eastern Daylight Time)]  "GET /Renderer.js" "Mozilla/5.0 (Macintosh; Intel Mac OS X 10.15; rv:139.0) Gecko/20100101 Firefox/139.0"
[Tue Jul 01 2025 21:24:19 GMT-0400 (Eastern Daylight Time)]  "GET /RuleEngine.js" "Mozilla/5.0 (Macintosh; Intel Mac OS X 10.15; rv:139.0) Gecko/20100101 Firefox/139.0"
[Tue Jul 01 2025 21:24:19 GMT-0400 (Eastern Daylight Time)]  "GET /WordQueue.js" "Mozilla/5.0 (Macintosh; Intel Mac OS X 10.15; rv:139.0) Gecko/20100101 Firefox/139.0"
[Tue Jul 01 2025 21:24:19 GMT-0400 (Eastern Daylight Time)]  "GET /GameLogic.js" "Mozilla/5.0 (Macintosh; Intel Mac OS X 10.15; rv:139.0) Gecko/20100101 Firefox/139.0"
[Tue Jul 01 2025 21:24:19 GMT-0400 (Eastern Daylight Time)]  "GET /types.js" "Mozilla/5.0 (Macintosh; Intel Mac OS X 10.15; rv:139.0) Gecko/20100101 Firefox/139.0"
[Tue Jul 01 2025 21:24:19 GMT-0400 (Eastern Daylight Time)]  "GET /TetrisPiece.js" "Mozilla/5.0 (Macintosh; Intel Mac OS X 10.15; rv:139.0) Gecko/20100101 Firefox/139.0"
[Tue Jul 01 2025 21:28:50 GMT-0400 (Eastern Daylight Time)]  "GET /" "Mozilla/5.0 (Macintosh; Intel Mac OS X 10.15; rv:139.0) Gecko/20100101 Firefox/139.0"
[Tue Jul 01 2025 21:28:50 GMT-0400 (Eastern Daylight Time)]  "GET /main.js" "Mozilla/5.0 (Macintosh; Intel Mac OS X 10.15; rv:139.0) Gecko/20100101 Firefox/139.0"
[Tue Jul 01 2025 21:28:50 GMT-0400 (Eastern Daylight Time)]  "GET /Game.js" "Mozilla/5.0 (Macintosh; Intel Mac OS X 10.15; rv:139.0) Gecko/20100101 Firefox/139.0"
[Tue Jul 01 2025 21:28:50 GMT-0400 (Eastern Daylight Time)]  "GET /Renderer.js" "Mozilla/5.0 (Macintosh; Intel Mac OS X 10.15; rv:139.0) Gecko/20100101 Firefox/139.0"
[Tue Jul 01 2025 21:28:50 GMT-0400 (Eastern Daylight Time)]  "GET /RuleEngine.js" "Mozilla/5.0 (Macintosh; Intel Mac OS X 10.15; rv:139.0) Gecko/20100101 Firefox/139.0"
[Tue Jul 01 2025 21:28:50 GMT-0400 (Eastern Daylight Time)]  "GET /WordQueue.js" "Mozilla/5.0 (Macintosh; Intel Mac OS X 10.15; rv:139.0) Gecko/20100101 Firefox/139.0"
[Tue Jul 01 2025 21:28:50 GMT-0400 (Eastern Daylight Time)]  "GET /GameLogic.js" "Mozilla/5.0 (Macintosh; Intel Mac OS X 10.15; rv:139.0) Gecko/20100101 Firefox/139.0"
[Tue Jul 01 2025 21:28:50 GMT-0400 (Eastern Daylight Time)]  "GET /types.js" "Mozilla/5.0 (Macintosh; Intel Mac OS X 10.15; rv:139.0) Gecko/20100101 Firefox/139.0"
[Tue Jul 01 2025 21:28:50 GMT-0400 (Eastern Daylight Time)]  "GET /TetrisPiece.js" "Mozilla/5.0 (Macintosh; Intel Mac OS X 10.15; rv:139.0) Gecko/20100101 Firefox/139.0"
[Tue Jul 01 2025 21:32:13 GMT-0400 (Eastern Daylight Time)]  "GET /" "Mozilla/5.0 (Macintosh; Intel Mac OS X 10.15; rv:139.0) Gecko/20100101 Firefox/139.0"
[Tue Jul 01 2025 21:32:13 GMT-0400 (Eastern Daylight Time)]  "GET /main.js" "Mozilla/5.0 (Macintosh; Intel Mac OS X 10.15; rv:139.0) Gecko/20100101 Firefox/139.0"
[Tue Jul 01 2025 21:32:13 GMT-0400 (Eastern Daylight Time)]  "GET /Game.js" "Mozilla/5.0 (Macintosh; Intel Mac OS X 10.15; rv:139.0) Gecko/20100101 Firefox/139.0"
[Tue Jul 01 2025 21:32:13 GMT-0400 (Eastern Daylight Time)]  "GET /Renderer.js" "Mozilla/5.0 (Macintosh; Intel Mac OS X 10.15; rv:139.0) Gecko/20100101 Firefox/139.0"
[Tue Jul 01 2025 21:32:13 GMT-0400 (Eastern Daylight Time)]  "GET /RuleEngine.js" "Mozilla/5.0 (Macintosh; Intel Mac OS X 10.15; rv:139.0) Gecko/20100101 Firefox/139.0"
[Tue Jul 01 2025 21:32:13 GMT-0400 (Eastern Daylight Time)]  "GET /WordQueue.js" "Mozilla/5.0 (Macintosh; Intel Mac OS X 10.15; rv:139.0) Gecko/20100101 Firefox/139.0"
[Tue Jul 01 2025 21:32:13 GMT-0400 (Eastern Daylight Time)]  "GET /GameLogic.js" "Mozilla/5.0 (Macintosh; Intel Mac OS X 10.15; rv:139.0) Gecko/20100101 Firefox/139.0"
[Tue Jul 01 2025 21:32:13 GMT-0400 (Eastern Daylight Time)]  "GET /UIManager.js" "Mozilla/5.0 (Macintosh; Intel Mac OS X 10.15; rv:139.0) Gecko/20100101 Firefox/139.0"
[Tue Jul 01 2025 21:32:14 GMT-0400 (Eastern Daylight Time)]  "GET /TetrisPiece.js" "Mozilla/5.0 (Macintosh; Intel Mac OS X 10.15; rv:139.0) Gecko/20100101 Firefox/139.0"
[Tue Jul 01 2025 21:32:14 GMT-0400 (Eastern Daylight Time)]  "GET /types.js" "Mozilla/5.0 (Macintosh; Intel Mac OS X 10.15; rv:139.0) Gecko/20100101 Firefox/139.0"
[Tue Jul 01 2025 21:32:14 GMT-0400 (Eastern Daylight Time)]  "GET /favicon.ico" "Mozilla/5.0 (Macintosh; Intel Mac OS X 10.15; rv:139.0) Gecko/20100101 Firefox/139.0"
[Tue Jul 01 2025 21:32:14 GMT-0400 (Eastern Daylight Time)]  "GET /favicon.ico" Error (404): "Not found"
[Tue Jul 01 2025 21:36:02 GMT-0400 (Eastern Daylight Time)]  "GET /" "Mozilla/5.0 (Macintosh; Intel Mac OS X 10.15; rv:139.0) Gecko/20100101 Firefox/139.0"
[Tue Jul 01 2025 21:36:02 GMT-0400 (Eastern Daylight Time)]  "GET /main.js" "Mozilla/5.0 (Macintosh; Intel Mac OS X 10.15; rv:139.0) Gecko/20100101 Firefox/139.0"
[Tue Jul 01 2025 21:36:02 GMT-0400 (Eastern Daylight Time)]  "GET /Game.js" "Mozilla/5.0 (Macintosh; Intel Mac OS X 10.15; rv:139.0) Gecko/20100101 Firefox/139.0"
[Tue Jul 01 2025 21:36:02 GMT-0400 (Eastern Daylight Time)]  "GET /Renderer.js" "Mozilla/5.0 (Macintosh; Intel Mac OS X 10.15; rv:139.0) Gecko/20100101 Firefox/139.0"
[Tue Jul 01 2025 21:36:02 GMT-0400 (Eastern Daylight Time)]  "GET /RuleEngine.js" "Mozilla/5.0 (Macintosh; Intel Mac OS X 10.15; rv:139.0) Gecko/20100101 Firefox/139.0"
[Tue Jul 01 2025 21:36:02 GMT-0400 (Eastern Daylight Time)]  "GET /WordQueue.js" "Mozilla/5.0 (Macintosh; Intel Mac OS X 10.15; rv:139.0) Gecko/20100101 Firefox/139.0"
[Tue Jul 01 2025 21:36:02 GMT-0400 (Eastern Daylight Time)]  "GET /GameLogic.js" "Mozilla/5.0 (Macintosh; Intel Mac OS X 10.15; rv:139.0) Gecko/20100101 Firefox/139.0"
[Tue Jul 01 2025 21:36:02 GMT-0400 (Eastern Daylight Time)]  "GET /UIManager.js" "Mozilla/5.0 (Macintosh; Intel Mac OS X 10.15; rv:139.0) Gecko/20100101 Firefox/139.0"
[Tue Jul 01 2025 21:36:02 GMT-0400 (Eastern Daylight Time)]  "GET /types.js" "Mozilla/5.0 (Macintosh; Intel Mac OS X 10.15; rv:139.0) Gecko/20100101 Firefox/139.0"
[Tue Jul 01 2025 21:36:02 GMT-0400 (Eastern Daylight Time)]  "GET /TetrisPiece.js" "Mozilla/5.0 (Macintosh; Intel Mac OS X 10.15; rv:139.0) Gecko/20100101 Firefox/139.0"
[Tue Jul 01 2025 21:36:10 GMT-0400 (Eastern Daylight Time)]  "GET /types.js" "Mozilla/5.0 (Macintosh; Intel Mac OS X 10.15; rv:139.0) Gecko/20100101 Firefox/139.0"
[Tue Jul 01 2025 21:36:10 GMT-0400 (Eastern Daylight Time)]  "GET /RuleEngine.js.map" "Mozilla/5.0 (Macintosh; Intel Mac OS X 10.15; rv:139.0) Gecko/20100101 Firefox/139.0"
[Tue Jul 01 2025 21:36:10 GMT-0400 (Eastern Daylight Time)]  "GET /Game.js.map" "Mozilla/5.0 (Macintosh; Intel Mac OS X 10.15; rv:139.0) Gecko/20100101 Firefox/139.0"
[Tue Jul 01 2025 21:36:44 GMT-0400 (Eastern Daylight Time)]  "GET /GameLogic.js.map" "Mozilla/5.0 (Macintosh; Intel Mac OS X 10.15; rv:139.0) Gecko/20100101 Firefox/139.0"
[Tue Jul 01 2025 21:46:38 GMT-0400 (Eastern Daylight Time)]  "GET /" "Mozilla/5.0 (Macintosh; Intel Mac OS X 10.15; rv:139.0) Gecko/20100101 Firefox/139.0"
[Tue Jul 01 2025 21:46:38 GMT-0400 (Eastern Daylight Time)]  "GET /main.js" "Mozilla/5.0 (Macintosh; Intel Mac OS X 10.15; rv:139.0) Gecko/20100101 Firefox/139.0"
[Tue Jul 01 2025 21:46:38 GMT-0400 (Eastern Daylight Time)]  "GET /Game.js" "Mozilla/5.0 (Macintosh; Intel Mac OS X 10.15; rv:139.0) Gecko/20100101 Firefox/139.0"
[Tue Jul 01 2025 21:46:38 GMT-0400 (Eastern Daylight Time)]  "GET /Renderer.js" "Mozilla/5.0 (Macintosh; Intel Mac OS X 10.15; rv:139.0) Gecko/20100101 Firefox/139.0"
[Tue Jul 01 2025 21:46:38 GMT-0400 (Eastern Daylight Time)]  "GET /RuleEngine.js" "Mozilla/5.0 (Macintosh; Intel Mac OS X 10.15; rv:139.0) Gecko/20100101 Firefox/139.0"
[Tue Jul 01 2025 21:46:38 GMT-0400 (Eastern Daylight Time)]  "GET /WordQueue.js" "Mozilla/5.0 (Macintosh; Intel Mac OS X 10.15; rv:139.0) Gecko/20100101 Firefox/139.0"
[Tue Jul 01 2025 21:46:38 GMT-0400 (Eastern Daylight Time)]  "GET /GameLogic.js" "Mozilla/5.0 (Macintosh; Intel Mac OS X 10.15; rv:139.0) Gecko/20100101 Firefox/139.0"
[Tue Jul 01 2025 21:46:38 GMT-0400 (Eastern Daylight Time)]  "GET /UIManager.js" "Mozilla/5.0 (Macintosh; Intel Mac OS X 10.15; rv:139.0) Gecko/20100101 Firefox/139.0"
[Tue Jul 01 2025 21:46:38 GMT-0400 (Eastern Daylight Time)]  "GET /TetrisPiece.js" "Mozilla/5.0 (Macintosh; Intel Mac OS X 10.15; rv:139.0) Gecko/20100101 Firefox/139.0"
[Tue Jul 01 2025 21:46:38 GMT-0400 (Eastern Daylight Time)]  "GET /types.js" "Mozilla/5.0 (Macintosh; Intel Mac OS X 10.15; rv:139.0) Gecko/20100101 Firefox/139.0"
[Tue Jul 01 2025 21:46:38 GMT-0400 (Eastern Daylight Time)]  "GET /favicon.ico" "Mozilla/5.0 (Macintosh; Intel Mac OS X 10.15; rv:139.0) Gecko/20100101 Firefox/139.0"
[Tue Jul 01 2025 21:46:38 GMT-0400 (Eastern Daylight Time)]  "GET /favicon.ico" Error (404): "Not found"
[Wed Jul 02 2025 06:51:40 GMT-0400 (Eastern Daylight Time)]  "GET /" "Mozilla/5.0 (Macintosh; Intel Mac OS X 10.15; rv:139.0) Gecko/20100101 Firefox/139.0"
[Wed Jul 02 2025 06:51:41 GMT-0400 (Eastern Daylight Time)]  "GET /main.js" "Mozilla/5.0 (Macintosh; Intel Mac OS X 10.15; rv:139.0) Gecko/20100101 Firefox/139.0"
[Wed Jul 02 2025 06:51:41 GMT-0400 (Eastern Daylight Time)]  "GET /Game.js" "Mozilla/5.0 (Macintosh; Intel Mac OS X 10.15; rv:139.0) Gecko/20100101 Firefox/139.0"
[Wed Jul 02 2025 06:51:41 GMT-0400 (Eastern Daylight Time)]  "GET /Renderer.js" "Mozilla/5.0 (Macintosh; Intel Mac OS X 10.15; rv:139.0) Gecko/20100101 Firefox/139.0"
[Wed Jul 02 2025 06:51:41 GMT-0400 (Eastern Daylight Time)]  "GET /RuleEngine.js" "Mozilla/5.0 (Macintosh; Intel Mac OS X 10.15; rv:139.0) Gecko/20100101 Firefox/139.0"
[Wed Jul 02 2025 06:51:41 GMT-0400 (Eastern Daylight Time)]  "GET /WordQueue.js" "Mozilla/5.0 (Macintosh; Intel Mac OS X 10.15; rv:139.0) Gecko/20100101 Firefox/139.0"
[Wed Jul 02 2025 06:51:41 GMT-0400 (Eastern Daylight Time)]  "GET /GameLogic.js" "Mozilla/5.0 (Macintosh; Intel Mac OS X 10.15; rv:139.0) Gecko/20100101 Firefox/139.0"
[Wed Jul 02 2025 06:51:41 GMT-0400 (Eastern Daylight Time)]  "GET /UIManager.js" "Mozilla/5.0 (Macintosh; Intel Mac OS X 10.15; rv:139.0) Gecko/20100101 Firefox/139.0"
[Wed Jul 02 2025 06:51:41 GMT-0400 (Eastern Daylight Time)]  "GET /types.js" "Mozilla/5.0 (Macintosh; Intel Mac OS X 10.15; rv:139.0) Gecko/20100101 Firefox/139.0"
[Wed Jul 02 2025 06:51:41 GMT-0400 (Eastern Daylight Time)]  "GET /TetrisPiece.js" "Mozilla/5.0 (Macintosh; Intel Mac OS X 10.15; rv:139.0) Gecko/20100101 Firefox/139.0"
[Wed Jul 02 2025 06:56:14 GMT-0400 (Eastern Daylight Time)]  "GET /" "curl/8.7.1"
[Wed Jul 02 2025 07:56:27 GMT-0400 (Eastern Daylight Time)]  "GET /" "Mozilla/5.0 (Macintosh; Intel Mac OS X 10.15; rv:139.0) Gecko/20100101 Firefox/139.0"
[Wed Jul 02 2025 07:56:27 GMT-0400 (Eastern Daylight Time)]  "GET /main.js" "Mozilla/5.0 (Macintosh; Intel Mac OS X 10.15; rv:139.0) Gecko/20100101 Firefox/139.0"
[Wed Jul 02 2025 07:56:27 GMT-0400 (Eastern Daylight Time)]  "GET /Game.js" "Mozilla/5.0 (Macintosh; Intel Mac OS X 10.15; rv:139.0) Gecko/20100101 Firefox/139.0"
[Wed Jul 02 2025 07:56:27 GMT-0400 (Eastern Daylight Time)]  "GET /Renderer.js" "Mozilla/5.0 (Macintosh; Intel Mac OS X 10.15; rv:139.0) Gecko/20100101 Firefox/139.0"
[Wed Jul 02 2025 07:56:27 GMT-0400 (Eastern Daylight Time)]  "GET /RuleEngine.js" "Mozilla/5.0 (Macintosh; Intel Mac OS X 10.15; rv:139.0) Gecko/20100101 Firefox/139.0"
[Wed Jul 02 2025 07:56:27 GMT-0400 (Eastern Daylight Time)]  "GET /WordQueue.js" "Mozilla/5.0 (Macintosh; Intel Mac OS X 10.15; rv:139.0) Gecko/20100101 Firefox/139.0"
[Wed Jul 02 2025 07:56:27 GMT-0400 (Eastern Daylight Time)]  "GET /GameLogic.js" "Mozilla/5.0 (Macintosh; Intel Mac OS X 10.15; rv:139.0) Gecko/20100101 Firefox/139.0"
[Wed Jul 02 2025 07:56:27 GMT-0400 (Eastern Daylight Time)]  "GET /UIManager.js" "Mozilla/5.0 (Macintosh; Intel Mac OS X 10.15; rv:139.0) Gecko/20100101 Firefox/139.0"
[Wed Jul 02 2025 07:56:27 GMT-0400 (Eastern Daylight Time)]  "GET /types.js" "Mozilla/5.0 (Macintosh; Intel Mac OS X 10.15; rv:139.0) Gecko/20100101 Firefox/139.0"
[Wed Jul 02 2025 07:56:27 GMT-0400 (Eastern Daylight Time)]  "GET /TetrisPiece.js" "Mozilla/5.0 (Macintosh; Intel Mac OS X 10.15; rv:139.0) Gecko/20100101 Firefox/139.0"
[Wed Jul 02 2025 07:56:27 GMT-0400 (Eastern Daylight Time)]  "GET /RuleEffects.js" "Mozilla/5.0 (Macintosh; Intel Mac OS X 10.15; rv:139.0) Gecko/20100101 Firefox/139.0"
[Wed Jul 02 2025 07:58:46 GMT-0400 (Eastern Daylight Time)]  "GET /" "Mozilla/5.0 (Macintosh; Intel Mac OS X 10.15; rv:139.0) Gecko/20100101 Firefox/139.0"
[Wed Jul 02 2025 07:58:46 GMT-0400 (Eastern Daylight Time)]  "GET /main.js" "Mozilla/5.0 (Macintosh; Intel Mac OS X 10.15; rv:139.0) Gecko/20100101 Firefox/139.0"
[Wed Jul 02 2025 07:58:46 GMT-0400 (Eastern Daylight Time)]  "GET /Game.js" "Mozilla/5.0 (Macintosh; Intel Mac OS X 10.15; rv:139.0) Gecko/20100101 Firefox/139.0"
[Wed Jul 02 2025 07:58:46 GMT-0400 (Eastern Daylight Time)]  "GET /Renderer.js" "Mozilla/5.0 (Macintosh; Intel Mac OS X 10.15; rv:139.0) Gecko/20100101 Firefox/139.0"
[Wed Jul 02 2025 07:58:46 GMT-0400 (Eastern Daylight Time)]  "GET /RuleEngine.js" "Mozilla/5.0 (Macintosh; Intel Mac OS X 10.15; rv:139.0) Gecko/20100101 Firefox/139.0"
[Wed Jul 02 2025 07:58:46 GMT-0400 (Eastern Daylight Time)]  "GET /WordQueue.js" "Mozilla/5.0 (Macintosh; Intel Mac OS X 10.15; rv:139.0) Gecko/20100101 Firefox/139.0"
[Wed Jul 02 2025 07:58:46 GMT-0400 (Eastern Daylight Time)]  "GET /GameLogic.js" "Mozilla/5.0 (Macintosh; Intel Mac OS X 10.15; rv:139.0) Gecko/20100101 Firefox/139.0"
[Wed Jul 02 2025 07:58:46 GMT-0400 (Eastern Daylight Time)]  "GET /UIManager.js" "Mozilla/5.0 (Macintosh; Intel Mac OS X 10.15; rv:139.0) Gecko/20100101 Firefox/139.0"
[Wed Jul 02 2025 07:58:46 GMT-0400 (Eastern Daylight Time)]  "GET /TetrisPiece.js" "Mozilla/5.0 (Macintosh; Intel Mac OS X 10.15; rv:139.0) Gecko/20100101 Firefox/139.0"
[Wed Jul 02 2025 07:58:46 GMT-0400 (Eastern Daylight Time)]  "GET /RuleEffects.js" "Mozilla/5.0 (Macintosh; Intel Mac OS X 10.15; rv:139.0) Gecko/20100101 Firefox/139.0"
[Wed Jul 02 2025 07:58:46 GMT-0400 (Eastern Daylight Time)]  "GET /types.js" "Mozilla/5.0 (Macintosh; Intel Mac OS X 10.15; rv:139.0) Gecko/20100101 Firefox/139.0"
[Wed Jul 02 2025 08:01:33 GMT-0400 (Eastern Daylight Time)]  "GET /" "Mozilla/5.0 (Macintosh; Intel Mac OS X 10.15; rv:139.0) Gecko/20100101 Firefox/139.0"
[Wed Jul 02 2025 08:01:33 GMT-0400 (Eastern Daylight Time)]  "GET /main.js" "Mozilla/5.0 (Macintosh; Intel Mac OS X 10.15; rv:139.0) Gecko/20100101 Firefox/139.0"
[Wed Jul 02 2025 08:01:33 GMT-0400 (Eastern Daylight Time)]  "GET /Game.js" "Mozilla/5.0 (Macintosh; Intel Mac OS X 10.15; rv:139.0) Gecko/20100101 Firefox/139.0"
[Wed Jul 02 2025 08:01:33 GMT-0400 (Eastern Daylight Time)]  "GET /Renderer.js" "Mozilla/5.0 (Macintosh; Intel Mac OS X 10.15; rv:139.0) Gecko/20100101 Firefox/139.0"
[Wed Jul 02 2025 08:01:33 GMT-0400 (Eastern Daylight Time)]  "GET /UIManager.js" "Mozilla/5.0 (Macintosh; Intel Mac OS X 10.15; rv:139.0) Gecko/20100101 Firefox/139.0"
[Wed Jul 02 2025 08:01:33 GMT-0400 (Eastern Daylight Time)]  "GET /RuleEngine.js" "Mozilla/5.0 (Macintosh; Intel Mac OS X 10.15; rv:139.0) Gecko/20100101 Firefox/139.0"
[Wed Jul 02 2025 08:01:33 GMT-0400 (Eastern Daylight Time)]  "GET /WordQueue.js" "Mozilla/5.0 (Macintosh; Intel Mac OS X 10.15; rv:139.0) Gecko/20100101 Firefox/139.0"
[Wed Jul 02 2025 08:01:33 GMT-0400 (Eastern Daylight Time)]  "GET /GameLogic.js" "Mozilla/5.0 (Macintosh; Intel Mac OS X 10.15; rv:139.0) Gecko/20100101 Firefox/139.0"
[Wed Jul 02 2025 08:01:33 GMT-0400 (Eastern Daylight Time)]  "GET /types.js" "Mozilla/5.0 (Macintosh; Intel Mac OS X 10.15; rv:139.0) Gecko/20100101 Firefox/139.0"
[Wed Jul 02 2025 08:01:33 GMT-0400 (Eastern Daylight Time)]  "GET /TetrisPiece.js" "Mozilla/5.0 (Macintosh; Intel Mac OS X 10.15; rv:139.0) Gecko/20100101 Firefox/139.0"
[Wed Jul 02 2025 08:01:33 GMT-0400 (Eastern Daylight Time)]  "GET /RuleEffects.js" "Mozilla/5.0 (Macintosh; Intel Mac OS X 10.15; rv:139.0) Gecko/20100101 Firefox/139.0"
http-server stopped.
